  [1m[35m (1.3ms)[0m  [1m[34mSELECT "schema_migrations"."version" FROM "schema_migrations" ORDER BY "schema_migrations"."version" ASC[0m
  ↳ bin/rails:9
  [1m[35m (0.8ms)[0m  [1m[34mSELECT "ar_internal_metadata"."value" FROM "ar_internal_metadata" WHERE "ar_internal_metadata"."key" = $1[0m  [["key", "environment"]]
  ↳ bin/rails:9
  [1m[35m (0.6ms)[0m  [1m[34mSELECT "schema_migrations"."version" FROM "schema_migrations" ORDER BY "schema_migrations"."version" ASC[0m
  ↳ bin/rails:9
  [1m[35m (0.3ms)[0m  [1m[34mSELECT "ar_internal_metadata"."value" FROM "ar_internal_metadata" WHERE "ar_internal_metadata"."key" = $1[0m  [["key", "environment"]]
  ↳ bin/rails:9
  [1m[35m (0.2ms)[0m  [1m[34mSELECT "schema_migrations"."version" FROM "schema_migrations" ORDER BY "schema_migrations"."version" ASC[0m
  ↳ bin/rails:9
  [1m[35m (0.2ms)[0m  [1m[34mSELECT "ar_internal_metadata"."value" FROM "ar_internal_metadata" WHERE "ar_internal_metadata"."key" = $1[0m  [["key", "environment"]]
  ↳ bin/rails:9
  [1m[35m (316.5ms)[0m  [1m[35mDROP DATABASE IF EXISTS "cat_project_development"[0m
  ↳ bin/rails:9
  [1m[35m (227.4ms)[0m  [1m[35mDROP DATABASE IF EXISTS "cat_project_test"[0m
  ↳ bin/rails:9
  [1m[35m (1314.0ms)[0m  [1m[35mCREATE DATABASE "cat_project_development" ENCODING = 'unicode'[0m
  ↳ bin/rails:9
  [1m[35m (1346.6ms)[0m  [1m[35mCREATE DATABASE "cat_project_test" ENCODING = 'unicode'[0m
  ↳ bin/rails:9
  [1m[35m (18.5ms)[0m  [1m[35mCREATE TABLE "schema_migrations" ("version" character varying NOT NULL PRIMARY KEY)[0m
  ↳ bin/rails:9
  [1m[35m (12.2ms)[0m  [1m[35mCREATE TABLE "ar_internal_metadata" ("key" character varying NOT NULL PRIMARY KEY, "value" character varying, "created_at" timestamp NOT NULL, "updated_at" timestamp NOT NULL)[0m
  ↳ bin/rails:9
  [1m[35m (0.3ms)[0m  [1m[34mSELECT pg_try_advisory_lock(795582225359918955)[0m
  ↳ bin/rails:9
  [1m[35m (0.9ms)[0m  [1m[34mSELECT "schema_migrations"."version" FROM "schema_migrations" ORDER BY "schema_migrations"."version" ASC[0m
  ↳ bin/rails:9
  [1m[36mActiveRecord::InternalMetadata Load (0.7ms)[0m  [1m[34mSELECT  "ar_internal_metadata".* FROM "ar_internal_metadata" WHERE "ar_internal_metadata"."key" = $1 LIMIT $2[0m  [["key", "environment"], ["LIMIT", 1]]
  ↳ bin/rails:9
  [1m[35m (0.3ms)[0m  [1m[35mBEGIN[0m
  ↳ bin/rails:9
  [1m[36mActiveRecord::InternalMetadata Create (0.8ms)[0m  [1m[32mINSERT INTO "ar_internal_metadata" ("key", "value", "created_at", "updated_at") VALUES ($1, $2, $3, $4) RETURNING "key"[0m  [["key", "environment"], ["value", "development"], ["created_at", "2021-03-06 03:05:57.619481"], ["updated_at", "2021-03-06 03:05:57.619481"]]
  ↳ bin/rails:9
  [1m[35m (0.5ms)[0m  [1m[35mCOMMIT[0m
  ↳ bin/rails:9
  [1m[35m (0.3ms)[0m  [1m[34mSELECT pg_advisory_unlock(795582225359918955)[0m
  ↳ bin/rails:9
  [1m[35m (0.4ms)[0m  [1m[34mSELECT "schema_migrations"."version" FROM "schema_migrations" ORDER BY "schema_migrations"."version" ASC[0m
  ↳ bin/rails:9
  [1m[35m (0.4ms)[0m  [1m[35mCREATE DATABASE "cat_project_development" ENCODING = 'unicode'[0m
  ↳ bin/rails:9
  [1m[35m (0.6ms)[0m  [1m[35mCREATE DATABASE "cat_project_test" ENCODING = 'unicode'[0m
  ↳ bin/rails:9
  [1m[35m (0.2ms)[0m  [1m[34mSELECT pg_try_advisory_lock(795582225359918955)[0m
  ↳ bin/rails:9
  [1m[35m (1.1ms)[0m  [1m[34mSELECT "schema_migrations"."version" FROM "schema_migrations" ORDER BY "schema_migrations"."version" ASC[0m
  ↳ bin/rails:9
Migrating to CreateCats (20210306030828)
  [1m[35m (0.4ms)[0m  [1m[35mBEGIN[0m
  ↳ bin/rails:9
  [1m[35m (21.6ms)[0m  [1m[35mCREATE TABLE "cats" ("id" bigserial primary key, "birth_date" date NOT NULL, "color" character varying NOT NULL, "name" character varying NOT NULL, "sex" character varying(1) NOT NULL, "description" text, "created_at" timestamp NOT NULL, "updated_at" timestamp NOT NULL)[0m
  ↳ db/migrate/20210306030828_create_cats.rb:3
  [1m[36mActiveRecord::SchemaMigration Create (1.2ms)[0m  [1m[32mINSERT INTO "schema_migrations" ("version") VALUES ($1) RETURNING "version"[0m  [["version", "20210306030828"]]
  ↳ bin/rails:9
  [1m[35m (0.8ms)[0m  [1m[35mCOMMIT[0m
  ↳ bin/rails:9
  [1m[36mActiveRecord::InternalMetadata Load (0.7ms)[0m  [1m[34mSELECT  "ar_internal_metadata".* FROM "ar_internal_metadata" WHERE "ar_internal_metadata"."key" = $1 LIMIT $2[0m  [["key", "environment"], ["LIMIT", 1]]
  ↳ bin/rails:9
  [1m[35m (0.5ms)[0m  [1m[35mBEGIN[0m
  ↳ bin/rails:9
  [1m[35m (0.3ms)[0m  [1m[35mCOMMIT[0m
  ↳ bin/rails:9
  [1m[35m (0.3ms)[0m  [1m[34mSELECT pg_advisory_unlock(795582225359918955)[0m
  ↳ bin/rails:9
  [1m[35m (0.6ms)[0m  [1m[34mSELECT "schema_migrations"."version" FROM "schema_migrations" ORDER BY "schema_migrations"."version" ASC[0m
  ↳ bin/rails:9
  [1m[35m (1.0ms)[0m  [1m[34mSELECT "schema_migrations"."version" FROM "schema_migrations" ORDER BY "schema_migrations"."version" ASC[0m
  ↳ bin/rails:9
  [1m[35m (0.7ms)[0m  [1m[34mSELECT "schema_migrations"."version" FROM "schema_migrations" ORDER BY "schema_migrations"."version" ASC[0m
  ↳ /home/skumtong/.rbenv/versions/2.5.1/bin/annotate:23
Started GET "/" for ::1 at 2021-03-05 20:54:08 -0800
  [1m[35m (1.1ms)[0m  [1m[34mSELECT "schema_migrations"."version" FROM "schema_migrations" ORDER BY "schema_migrations"."version" ASC[0m
  ↳ /home/skumtong/.rbenv/versions/2.5.1/lib/ruby/gems/2.5.0/gems/activerecord-5.2.4.5/lib/active_record/log_subscriber.rb:98
Processing by Rails::WelcomeController#index as HTML
  Rendering /home/skumtong/.rbenv/versions/2.5.1/lib/ruby/gems/2.5.0/gems/railties-5.2.4.5/lib/rails/templates/rails/welcome/index.html.erb
  Rendered /home/skumtong/.rbenv/versions/2.5.1/lib/ruby/gems/2.5.0/gems/railties-5.2.4.5/lib/rails/templates/rails/welcome/index.html.erb (3.1ms)
Completed 200 OK in 19ms (Views: 11.9ms | ActiveRecord: 0.0ms)


Started GET "/cats" for ::1 at 2021-03-05 20:54:12 -0800
Processing by CatsController#index as HTML
Completed 500 Internal Server Error in 16ms (ActiveRecord: 0.0ms)



NameError - uninitialized constant Cat::CAT_COLORS:
  app/models/cat.rb:16:in `<class:Cat>'
  app/models/cat.rb:14:in `<top (required)>'
  app/controllers/cats_controller.rb:3:in `index'

Started POST "/__better_errors/a8c9127bd841f721/variables" for ::1 at 2021-03-05 20:54:12 -0800
Started GET "/cats" for ::1 at 2021-03-05 20:57:10 -0800
Processing by CatsController#index as HTML
Completed 500 Internal Server Error in 30ms (ActiveRecord: 0.0ms)



NameError - uninitialized constant Cat::CAT_COLORS:
  app/models/cat.rb:16:in `<class:Cat>'
  app/models/cat.rb:14:in `<top (required)>'
  app/controllers/cats_controller.rb:3:in `index'

Started POST "/__better_errors/2a83c304ef3b03bc/variables" for ::1 at 2021-03-05 20:57:11 -0800
  [1m[35m (0.2ms)[0m  [1m[34mSELECT pg_try_advisory_lock(795582225359918955)[0m
  ↳ bin/rails:9
  [1m[35m (1.0ms)[0m  [1m[34mSELECT "schema_migrations"."version" FROM "schema_migrations" ORDER BY "schema_migrations"."version" ASC[0m
  ↳ bin/rails:9
  [1m[36mActiveRecord::InternalMetadata Load (0.7ms)[0m  [1m[34mSELECT  "ar_internal_metadata".* FROM "ar_internal_metadata" WHERE "ar_internal_metadata"."key" = $1 LIMIT $2[0m  [["key", "environment"], ["LIMIT", 1]]
  ↳ bin/rails:9
  [1m[35m (0.2ms)[0m  [1m[35mBEGIN[0m
  ↳ bin/rails:9
  [1m[35m (0.2ms)[0m  [1m[35mCOMMIT[0m
  ↳ bin/rails:9
  [1m[35m (0.3ms)[0m  [1m[34mSELECT pg_advisory_unlock(795582225359918955)[0m
  ↳ bin/rails:9
  [1m[35m (0.3ms)[0m  [1m[34mSELECT "schema_migrations"."version" FROM "schema_migrations" ORDER BY "schema_migrations"."version" ASC[0m
  ↳ bin/rails:9
Started GET "/cats" for ::1 at 2021-03-05 20:57:31 -0800
  [1m[35m (1.0ms)[0m  [1m[34mSELECT "schema_migrations"."version" FROM "schema_migrations" ORDER BY "schema_migrations"."version" ASC[0m
  ↳ /home/skumtong/.rbenv/versions/2.5.1/lib/ruby/gems/2.5.0/gems/activerecord-5.2.4.5/lib/active_record/log_subscriber.rb:98
Processing by CatsController#index as HTML
Completed 500 Internal Server Error in 12ms (ActiveRecord: 0.0ms)



NameError - uninitialized constant Cat::CAT_COLORS:
  app/models/cat.rb:16:in `<class:Cat>'
  app/models/cat.rb:14:in `<top (required)>'
  app/controllers/cats_controller.rb:3:in `index'

Started POST "/__better_errors/be68856daed48ca3/variables" for ::1 at 2021-03-05 20:57:31 -0800
  [1m[35m (0.8ms)[0m  [1m[34mSELECT "schema_migrations"."version" FROM "schema_migrations" ORDER BY "schema_migrations"."version" ASC[0m
  ↳ bin/rails:9
  [1m[35m (0.9ms)[0m  [1m[34mSELECT "schema_migrations"."version" FROM "schema_migrations" ORDER BY "schema_migrations"."version" ASC[0m
  ↳ bin/rails:9
  [1m[35m (1.2ms)[0m  [1m[34mSELECT "schema_migrations"."version" FROM "schema_migrations" ORDER BY "schema_migrations"."version" ASC[0m
  ↳ bin/rails:9
  [1m[35m (0.9ms)[0m  [1m[34mSELECT "schema_migrations"."version" FROM "schema_migrations" ORDER BY "schema_migrations"."version" ASC[0m
  ↳ bin/rails:9
  [1m[35m (0.9ms)[0m  [1m[34mSELECT "schema_migrations"."version" FROM "schema_migrations" ORDER BY "schema_migrations"."version" ASC[0m
  ↳ bin/rails:9
Started GET "/" for ::1 at 2021-03-05 21:03:30 -0800
  [1m[35m (1.0ms)[0m  [1m[34mSELECT "schema_migrations"."version" FROM "schema_migrations" ORDER BY "schema_migrations"."version" ASC[0m
  ↳ /home/skumtong/.rbenv/versions/2.5.1/lib/ruby/gems/2.5.0/gems/activerecord-5.2.4.5/lib/active_record/log_subscriber.rb:98
Processing by Rails::WelcomeController#index as HTML
  Rendering /home/skumtong/.rbenv/versions/2.5.1/lib/ruby/gems/2.5.0/gems/railties-5.2.4.5/lib/rails/templates/rails/welcome/index.html.erb
  Rendered /home/skumtong/.rbenv/versions/2.5.1/lib/ruby/gems/2.5.0/gems/railties-5.2.4.5/lib/rails/templates/rails/welcome/index.html.erb (3.8ms)
Completed 200 OK in 27ms (Views: 17.0ms | ActiveRecord: 0.0ms)


Started GET "/cats" for ::1 at 2021-03-05 21:03:34 -0800
Processing by CatsController#index as HTML
Completed 500 Internal Server Error in 14ms (ActiveRecord: 0.0ms)



ActionView::MissingTemplate - Missing template cats/inex, application/inex with {:locale=>[:en], :formats=>[:html], :variants=>[], :handlers=>[:raw, :erb, :html, :builder, :ruby, :coffee, :jbuilder]}. Searched in:
  * "/home/skumtong/aA_Classwork/W6D5/cat_project/app/views":
  app/controllers/cats_controller.rb:4:in `index'

Started POST "/__better_errors/11daba1cda553d85/variables" for ::1 at 2021-03-05 21:03:35 -0800
  [1m[36mCat Load (0.9ms)[0m  [1m[34mSELECT  "cats".* FROM "cats" LIMIT $1[0m  [["LIMIT", 11]]
  ↳ /home/skumtong/.rbenv/versions/2.5.1/lib/ruby/gems/2.5.0/gems/activerecord-5.2.4.5/lib/active_record/log_subscriber.rb:98
Started GET "/cats" for ::1 at 2021-03-05 21:03:44 -0800
Processing by CatsController#index as HTML
Completed 500 Internal Server Error in 7ms (ActiveRecord: 0.0ms)



ActionView::MissingTemplate - Missing template cats/idnex, application/idnex with {:locale=>[:en], :formats=>[:html], :variants=>[], :handlers=>[:raw, :erb, :html, :builder, :ruby, :coffee, :jbuilder]}. Searched in:
  * "/home/skumtong/aA_Classwork/W6D5/cat_project/app/views":
  app/controllers/cats_controller.rb:4:in `index'

Started POST "/__better_errors/3b015bb0b94e0b26/variables" for ::1 at 2021-03-05 21:03:44 -0800
  [1m[36mCat Load (0.7ms)[0m  [1m[34mSELECT  "cats".* FROM "cats" LIMIT $1[0m  [["LIMIT", 11]]
  ↳ /home/skumtong/.rbenv/versions/2.5.1/lib/ruby/gems/2.5.0/gems/activerecord-5.2.4.5/lib/active_record/log_subscriber.rb:98
Started GET "/cats" for ::1 at 2021-03-05 21:03:51 -0800
Processing by CatsController#index as HTML
  Rendering cats/index.html.erb within layouts/application
  [1m[36mCat Load (0.4ms)[0m  [1m[34mSELECT "cats".* FROM "cats"[0m
  ↳ app/views/cats/index.html.erb:4
  Rendered cats/index.html.erb within layouts/application (3.3ms)
Completed 200 OK in 744ms (Views: 737.7ms | ActiveRecord: 1.8ms)


Started GET "/cats" for ::1 at 2021-03-05 21:04:40 -0800
Processing by CatsController#index as HTML
  Rendering cats/index.html.erb within layouts/application
  [1m[36mCat Load (0.4ms)[0m  [1m[34mSELECT "cats".* FROM "cats"[0m
  ↳ app/views/cats/index.html.erb:4
  Rendered cats/index.html.erb within layouts/application (1.9ms)
Completed 200 OK in 19ms (Views: 17.3ms | ActiveRecord: 0.4ms)


  [1m[36mCat Load (0.8ms)[0m  [1m[34mSELECT "cats".* FROM "cats"[0m
  [1m[35m (1.0ms)[0m  [1m[34mSELECT "schema_migrations"."version" FROM "schema_migrations" ORDER BY "schema_migrations"."version" ASC[0m
  ↳ bin/rails:9
  [1m[35m (0.7ms)[0m  [1m[34mSELECT "ar_internal_metadata"."value" FROM "ar_internal_metadata" WHERE "ar_internal_metadata"."key" = $1[0m  [["key", "environment"]]
  ↳ bin/rails:9
  [1m[35m (0.3ms)[0m  [1m[34mSELECT "schema_migrations"."version" FROM "schema_migrations" ORDER BY "schema_migrations"."version" ASC[0m
  ↳ bin/rails:9
  [1m[35m (0.3ms)[0m  [1m[34mSELECT "ar_internal_metadata"."value" FROM "ar_internal_metadata" WHERE "ar_internal_metadata"."key" = $1[0m  [["key", "environment"]]
  ↳ bin/rails:9
  [1m[35m (0.4ms)[0m  [1m[34mSELECT "schema_migrations"."version" FROM "schema_migrations" ORDER BY "schema_migrations"."version" ASC[0m
  ↳ bin/rails:9
  [1m[35m (0.3ms)[0m  [1m[34mSELECT "ar_internal_metadata"."value" FROM "ar_internal_metadata" WHERE "ar_internal_metadata"."key" = $1[0m  [["key", "environment"]]
  ↳ bin/rails:9
  [1m[35m (212.0ms)[0m  [1m[35mDROP DATABASE IF EXISTS "cat_project_development"[0m
  ↳ bin/rails:9
  [1m[35m (215.1ms)[0m  [1m[35mDROP DATABASE IF EXISTS "cat_project_test"[0m
  ↳ bin/rails:9
  [1m[35m (1198.1ms)[0m  [1m[35mCREATE DATABASE "cat_project_development" ENCODING = 'unicode'[0m
  ↳ bin/rails:9
  [1m[35m (1188.9ms)[0m  [1m[35mCREATE DATABASE "cat_project_test" ENCODING = 'unicode'[0m
  ↳ bin/rails:9
  [1m[35mSQL (1.2ms)[0m  [1m[35mCREATE EXTENSION IF NOT EXISTS "plpgsql"[0m
  ↳ db/schema.rb:16
  [1m[35m (0.3ms)[0m  [1m[35mDROP TABLE IF EXISTS "cats" CASCADE[0m
  ↳ db/schema.rb:18
  [1m[35m (25.7ms)[0m  [1m[35mCREATE TABLE "cats" ("id" bigserial primary key, "birth_date" date NOT NULL, "color" character varying NOT NULL, "name" character varying NOT NULL, "sex" character varying(1) NOT NULL, "description" text, "created_at" timestamp NOT NULL, "updated_at" timestamp NOT NULL)[0m
  ↳ db/schema.rb:18
  [1m[35m (12.5ms)[0m  [1m[35mCREATE TABLE "schema_migrations" ("version" character varying NOT NULL PRIMARY KEY)[0m
  ↳ db/schema.rb:13
  [1m[35m (1.1ms)[0m  [1m[34mSELECT "schema_migrations"."version" FROM "schema_migrations" ORDER BY "schema_migrations"."version" ASC[0m
  ↳ db/schema.rb:13
  [1m[35m (1.4ms)[0m  [1m[32mINSERT INTO "schema_migrations" (version) VALUES (20210306030828)[0m
  ↳ db/schema.rb:13
  [1m[35m (15.3ms)[0m  [1m[35mCREATE TABLE "ar_internal_metadata" ("key" character varying NOT NULL PRIMARY KEY, "value" character varying, "created_at" timestamp NOT NULL, "updated_at" timestamp NOT NULL)[0m
  ↳ db/schema.rb:13
  [1m[36mActiveRecord::InternalMetadata Load (0.6ms)[0m  [1m[34mSELECT  "ar_internal_metadata".* FROM "ar_internal_metadata" WHERE "ar_internal_metadata"."key" = $1 LIMIT $2[0m  [["key", "environment"], ["LIMIT", 1]]
  ↳ db/schema.rb:13
  [1m[35m (0.4ms)[0m  [1m[35mBEGIN[0m
  ↳ db/schema.rb:13
  [1m[36mActiveRecord::InternalMetadata Create (1.0ms)[0m  [1m[32mINSERT INTO "ar_internal_metadata" ("key", "value", "created_at", "updated_at") VALUES ($1, $2, $3, $4) RETURNING "key"[0m  [["key", "environment"], ["value", "development"], ["created_at", "2021-03-06 05:06:39.294763"], ["updated_at", "2021-03-06 05:06:39.294763"]]
  ↳ db/schema.rb:13
  [1m[35m (0.4ms)[0m  [1m[35mCOMMIT[0m
  ↳ db/schema.rb:13
  [1m[36mActiveRecord::InternalMetadata Load (0.3ms)[0m  [1m[34mSELECT  "ar_internal_metadata".* FROM "ar_internal_metadata" WHERE "ar_internal_metadata"."key" = $1 LIMIT $2[0m  [["key", "environment"], ["LIMIT", 1]]
  ↳ bin/rails:9
  [1m[35m (0.6ms)[0m  [1m[35mBEGIN[0m
  ↳ bin/rails:9
  [1m[35m (0.3ms)[0m  [1m[35mCOMMIT[0m
  ↳ bin/rails:9
  [1m[35mSQL (0.7ms)[0m  [1m[35mCREATE EXTENSION IF NOT EXISTS "plpgsql"[0m
  ↳ db/schema.rb:16
  [1m[35m (0.7ms)[0m  [1m[35mDROP TABLE IF EXISTS "cats" CASCADE[0m
  ↳ db/schema.rb:18
  [1m[35m (23.6ms)[0m  [1m[35mCREATE TABLE "cats" ("id" bigserial primary key, "birth_date" date NOT NULL, "color" character varying NOT NULL, "name" character varying NOT NULL, "sex" character varying(1) NOT NULL, "description" text, "created_at" timestamp NOT NULL, "updated_at" timestamp NOT NULL)[0m
  ↳ db/schema.rb:18
  [1m[35m (12.0ms)[0m  [1m[35mCREATE TABLE "schema_migrations" ("version" character varying NOT NULL PRIMARY KEY)[0m
  ↳ db/schema.rb:13
  [1m[35m (0.9ms)[0m  [1m[34mSELECT "schema_migrations"."version" FROM "schema_migrations" ORDER BY "schema_migrations"."version" ASC[0m
  ↳ db/schema.rb:13
  [1m[35m (1.9ms)[0m  [1m[32mINSERT INTO "schema_migrations" (version) VALUES (20210306030828)[0m
  ↳ db/schema.rb:13
  [1m[35m (10.4ms)[0m  [1m[35mCREATE TABLE "ar_internal_metadata" ("key" character varying NOT NULL PRIMARY KEY, "value" character varying, "created_at" timestamp NOT NULL, "updated_at" timestamp NOT NULL)[0m
  ↳ db/schema.rb:13
  [1m[36mActiveRecord::InternalMetadata Load (1.0ms)[0m  [1m[34mSELECT  "ar_internal_metadata".* FROM "ar_internal_metadata" WHERE "ar_internal_metadata"."key" = $1 LIMIT $2[0m  [["key", "environment"], ["LIMIT", 1]]
  ↳ db/schema.rb:13
  [1m[35m (0.4ms)[0m  [1m[35mBEGIN[0m
  ↳ db/schema.rb:13
  [1m[36mActiveRecord::InternalMetadata Create (1.0ms)[0m  [1m[32mINSERT INTO "ar_internal_metadata" ("key", "value", "created_at", "updated_at") VALUES ($1, $2, $3, $4) RETURNING "key"[0m  [["key", "environment"], ["value", "development"], ["created_at", "2021-03-06 05:06:39.409976"], ["updated_at", "2021-03-06 05:06:39.409976"]]
  ↳ db/schema.rb:13
  [1m[35m (0.4ms)[0m  [1m[35mCOMMIT[0m
  ↳ db/schema.rb:13
  [1m[36mActiveRecord::InternalMetadata Load (0.4ms)[0m  [1m[34mSELECT  "ar_internal_metadata".* FROM "ar_internal_metadata" WHERE "ar_internal_metadata"."key" = $1 LIMIT $2[0m  [["key", "environment"], ["LIMIT", 1]]
  ↳ bin/rails:9
  [1m[35m (0.2ms)[0m  [1m[35mBEGIN[0m
  ↳ bin/rails:9
  [1m[36mActiveRecord::InternalMetadata Update (0.4ms)[0m  [1m[33mUPDATE "ar_internal_metadata" SET "value" = $1, "updated_at" = $2 WHERE "ar_internal_metadata"."key" = $3[0m  [["value", "test"], ["updated_at", "2021-03-06 05:06:39.414537"], ["key", "environment"]]
  ↳ bin/rails:9
  [1m[35m (0.9ms)[0m  [1m[35mCOMMIT[0m
  ↳ bin/rails:9
  [1m[35m (0.8ms)[0m  [1m[34mSELECT "schema_migrations"."version" FROM "schema_migrations" ORDER BY "schema_migrations"."version" ASC[0m
  ↳ bin/rails:9
  [1m[35m (1.0ms)[0m  [1m[34mSELECT "schema_migrations"."version" FROM "schema_migrations" ORDER BY "schema_migrations"."version" ASC[0m
  ↳ bin/rails:9
  [1m[35m (0.4ms)[0m  [1m[35mBEGIN[0m
  ↳ db/seeds.rb:8
  [1m[36mCat Create (1.8ms)[0m  [1m[32mINSERT INTO "cats" ("birth_date", "color", "name", "sex", "created_at", "updated_at") VALUES ($1, $2, $3, $4, $5, $6) RETURNING "id"[0m  [["birth_date", "2015-01-20"], ["color", "Orange"], ["name", "Fred"], ["sex", "M"], ["created_at", "2021-03-06 05:06:55.791502"], ["updated_at", "2021-03-06 05:06:55.791502"]]
  ↳ db/seeds.rb:8
  [1m[35m (0.9ms)[0m  [1m[35mCOMMIT[0m
  ↳ db/seeds.rb:8
  [1m[35m (0.2ms)[0m  [1m[35mBEGIN[0m
  ↳ db/seeds.rb:9
  [1m[36mCat Create (0.3ms)[0m  [1m[32mINSERT INTO "cats" ("birth_date", "color", "name", "sex", "created_at", "updated_at") VALUES ($1, $2, $3, $4, $5, $6) RETURNING "id"[0m  [["birth_date", "2015-01-20"], ["color", "Orange"], ["name", "Sally"], ["sex", "M"], ["created_at", "2021-03-06 05:06:55.796756"], ["updated_at", "2021-03-06 05:06:55.796756"]]
  ↳ db/seeds.rb:9
  [1m[35m (0.3ms)[0m  [1m[35mCOMMIT[0m
  ↳ db/seeds.rb:9
  [1m[35m (0.2ms)[0m  [1m[35mBEGIN[0m
  ↳ db/seeds.rb:10
  [1m[36mCat Create (0.4ms)[0m  [1m[32mINSERT INTO "cats" ("birth_date", "color", "name", "sex", "created_at", "updated_at") VALUES ($1, $2, $3, $4, $5, $6) RETURNING "id"[0m  [["birth_date", "2015-01-20"], ["color", "Orange"], ["name", "Tim"], ["sex", "M"], ["created_at", "2021-03-06 05:06:55.798754"], ["updated_at", "2021-03-06 05:06:55.798754"]]
  ↳ db/seeds.rb:10
  [1m[35m (0.3ms)[0m  [1m[35mCOMMIT[0m
  ↳ db/seeds.rb:10
Started GET "/" for ::1 at 2021-03-05 21:07:03 -0800
  [1m[35m (0.9ms)[0m  [1m[34mSELECT "schema_migrations"."version" FROM "schema_migrations" ORDER BY "schema_migrations"."version" ASC[0m
  ↳ /home/skumtong/.rbenv/versions/2.5.1/lib/ruby/gems/2.5.0/gems/activerecord-5.2.4.5/lib/active_record/log_subscriber.rb:98
Processing by Rails::WelcomeController#index as HTML
  Rendering /home/skumtong/.rbenv/versions/2.5.1/lib/ruby/gems/2.5.0/gems/railties-5.2.4.5/lib/rails/templates/rails/welcome/index.html.erb
  Rendered /home/skumtong/.rbenv/versions/2.5.1/lib/ruby/gems/2.5.0/gems/railties-5.2.4.5/lib/rails/templates/rails/welcome/index.html.erb (2.4ms)
Completed 200 OK in 12ms (Views: 7.5ms | ActiveRecord: 0.0ms)


Started GET "/cats" for ::1 at 2021-03-05 21:07:06 -0800
Processing by CatsController#index as HTML
  Rendering cats/index.html.erb within layouts/application
  [1m[36mCat Load (1.0ms)[0m  [1m[34mSELECT "cats".* FROM "cats"[0m
  ↳ app/views/cats/index.html.erb:4
  Rendered cats/index.html.erb within layouts/application (19.8ms)
Completed 200 OK in 207ms (Views: 194.5ms | ActiveRecord: 7.0ms)


Started GET "/cats" for ::1 at 2021-03-05 21:07:10 -0800
Processing by CatsController#index as HTML
  Rendering cats/index.html.erb within layouts/application
  [1m[36mCat Load (0.3ms)[0m  [1m[34mSELECT "cats".* FROM "cats"[0m
  ↳ app/views/cats/index.html.erb:4
  Rendered cats/index.html.erb within layouts/application (1.8ms)
Completed 200 OK in 13ms (Views: 12.3ms | ActiveRecord: 0.3ms)


Started GET "/cats" for ::1 at 2021-03-05 21:07:11 -0800
Processing by CatsController#index as HTML
  Rendering cats/index.html.erb within layouts/application
  [1m[36mCat Load (0.5ms)[0m  [1m[34mSELECT "cats".* FROM "cats"[0m
  ↳ app/views/cats/index.html.erb:4
  Rendered cats/index.html.erb within layouts/application (3.7ms)
Completed 200 OK in 23ms (Views: 21.5ms | ActiveRecord: 0.5ms)


Started GET "/cats" for ::1 at 2021-03-05 21:07:11 -0800
Processing by CatsController#index as HTML
  Rendering cats/index.html.erb within layouts/application
  [1m[36mCat Load (0.4ms)[0m  [1m[34mSELECT "cats".* FROM "cats"[0m
  ↳ app/views/cats/index.html.erb:4
  Rendered cats/index.html.erb within layouts/application (2.0ms)
Completed 200 OK in 17ms (Views: 15.9ms | ActiveRecord: 0.4ms)


Started GET "/cats" for ::1 at 2021-03-05 21:07:11 -0800
Processing by CatsController#index as HTML
  Rendering cats/index.html.erb within layouts/application
  [1m[36mCat Load (0.7ms)[0m  [1m[34mSELECT "cats".* FROM "cats"[0m
  ↳ app/views/cats/index.html.erb:4
  Rendered cats/index.html.erb within layouts/application (3.0ms)
Completed 200 OK in 36ms (Views: 34.4ms | ActiveRecord: 0.7ms)


Started GET "/cats" for ::1 at 2021-03-05 21:07:51 -0800
Processing by CatsController#index as HTML
  Rendering cats/index.html.erb within layouts/application
  [1m[36mCat Load (0.5ms)[0m  [1m[34mSELECT "cats".* FROM "cats"[0m
  ↳ app/views/cats/index.html.erb:4
  Rendered cats/index.html.erb within layouts/application (2.8ms)
Completed 200 OK in 22ms (Views: 20.6ms | ActiveRecord: 0.5ms)


Started GET "/cats/2" for ::1 at 2021-03-05 21:07:52 -0800
Processing by CatsController#show as HTML
  Parameters: {"id"=>"2"}
Completed 500 Internal Server Error in 140ms (ActiveRecord: 0.0ms)



NameError - undefined local variable or method `cat' for #<CatsController:0x00007f67c168d280>
Did you mean?  catch:
  app/controllers/cats_controller.rb:8:in `show'

Started POST "/__better_errors/6b7ba6bfcb41f57a/variables" for ::1 at 2021-03-05 21:07:53 -0800
Started GET "/cats/2" for ::1 at 2021-03-05 21:08:30 -0800
Processing by CatsController#show as HTML
  Parameters: {"id"=>"2"}
  [1m[36mCat Load (0.5ms)[0m  [1m[34mSELECT  "cats".* FROM "cats" WHERE "cats"."id" = $1 LIMIT $2[0m  [["id", 2], ["LIMIT", 1]]
  ↳ app/controllers/cats_controller.rb:8
  Rendering cats/show.html.erb within layouts/application
  Rendered cats/show.html.erb within layouts/application (13.9ms)
Completed 500 Internal Server Error in 48ms (ActiveRecord: 5.9ms)



NoMethodError - undefined method `age' for #<Cat:0x00007f67b804b330>:
  app/views/cats/show.html.erb:13:in `_app_views_cats_show_html_erb___1260911172833224402_70041722831140'
  app/controllers/cats_controller.rb:9:in `show'

Started POST "/__better_errors/3bc3497836a67531/variables" for ::1 at 2021-03-05 21:08:30 -0800
  [1m[35m (0.9ms)[0m  [1m[34mSELECT "schema_migrations"."version" FROM "schema_migrations" ORDER BY "schema_migrations"."version" ASC[0m
  ↳ bin/rails:9
  [1m[35m (0.4ms)[0m  [1m[35mBEGIN[0m
  ↳ db/seeds.rb:8
  [1m[36mCat Create (1.2ms)[0m  [1m[32mINSERT INTO "cats" ("birth_date", "color", "name", "sex", "created_at", "updated_at") VALUES ($1, $2, $3, $4, $5, $6) RETURNING "id"[0m  [["birth_date", "2015-01-20"], ["color", "Orange"], ["name", "Fred"], ["sex", "M"], ["created_at", "2021-03-06 05:09:33.804158"], ["updated_at", "2021-03-06 05:09:33.804158"]]
  ↳ db/seeds.rb:8
  [1m[35m (0.8ms)[0m  [1m[35mCOMMIT[0m
  ↳ db/seeds.rb:8
  [1m[35m (0.2ms)[0m  [1m[35mBEGIN[0m
  ↳ db/seeds.rb:9
  [1m[36mCat Create (0.4ms)[0m  [1m[32mINSERT INTO "cats" ("birth_date", "color", "name", "sex", "created_at", "updated_at") VALUES ($1, $2, $3, $4, $5, $6) RETURNING "id"[0m  [["birth_date", "2015-01-20"], ["color", "Orange"], ["name", "Sally"], ["sex", "M"], ["created_at", "2021-03-06 05:09:33.808223"], ["updated_at", "2021-03-06 05:09:33.808223"]]
  ↳ db/seeds.rb:9
  [1m[35m (0.4ms)[0m  [1m[35mCOMMIT[0m
  ↳ db/seeds.rb:9
  [1m[35m (0.2ms)[0m  [1m[35mBEGIN[0m
  ↳ db/seeds.rb:10
  [1m[36mCat Create (0.5ms)[0m  [1m[32mINSERT INTO "cats" ("birth_date", "color", "name", "sex", "description", "created_at", "updated_at") VALUES ($1, $2, $3, $4, $5, $6, $7) RETURNING "id"[0m  [["birth_date", "2015-01-20"], ["color", "Orange"], ["name", "Tim"], ["sex", "M"], ["description", "I'm a cat"], ["created_at", "2021-03-06 05:09:33.810471"], ["updated_at", "2021-03-06 05:09:33.810471"]]
  ↳ db/seeds.rb:10
  [1m[35m (0.6ms)[0m  [1m[35mCOMMIT[0m
  ↳ db/seeds.rb:10
Started GET "/cats/2" for 127.0.0.1 at 2021-03-05 21:11:54 -0800
  [1m[35m (1.1ms)[0m  [1m[34mSELECT "schema_migrations"."version" FROM "schema_migrations" ORDER BY "schema_migrations"."version" ASC[0m
  ↳ /home/skumtong/.rbenv/versions/2.5.1/lib/ruby/gems/2.5.0/gems/activerecord-5.2.4.5/lib/active_record/log_subscriber.rb:98
Processing by CatsController#show as HTML
  Parameters: {"id"=>"2"}
  [1m[36mCat Load (0.9ms)[0m  [1m[34mSELECT  "cats".* FROM "cats" WHERE "cats"."id" = $1 LIMIT $2[0m  [["id", 2], ["LIMIT", 1]]
  ↳ app/controllers/cats_controller.rb:8
  Rendering cats/show.html.erb within layouts/application
  Rendered cats/show.html.erb within layouts/application (32.8ms)
Completed 200 OK in 253ms (Views: 224.9ms | ActiveRecord: 8.5ms)


Started GET "/cats/2" for 127.0.0.1 at 2021-03-05 21:11:56 -0800
Processing by CatsController#show as HTML
  Parameters: {"id"=>"2"}
  [1m[36mCat Load (0.4ms)[0m  [1m[34mSELECT  "cats".* FROM "cats" WHERE "cats"."id" = $1 LIMIT $2[0m  [["id", 2], ["LIMIT", 1]]
  ↳ app/controllers/cats_controller.rb:8
  Rendering cats/show.html.erb within layouts/application
  Rendered cats/show.html.erb within layouts/application (1.0ms)
Completed 200 OK in 15ms (Views: 13.3ms | ActiveRecord: 0.4ms)


Started GET "/cats/3" for 127.0.0.1 at 2021-03-05 21:12:04 -0800
Processing by CatsController#show as HTML
  Parameters: {"id"=>"3"}
  [1m[36mCat Load (0.4ms)[0m  [1m[34mSELECT  "cats".* FROM "cats" WHERE "cats"."id" = $1 LIMIT $2[0m  [["id", 3], ["LIMIT", 1]]
  ↳ app/controllers/cats_controller.rb:8
  Rendering cats/show.html.erb within layouts/application
  Rendered cats/show.html.erb within layouts/application (1.0ms)
Completed 200 OK in 15ms (Views: 13.8ms | ActiveRecord: 0.4ms)


Started GET "/cats/3" for ::1 at 2021-03-05 21:12:44 -0800
Processing by CatsController#show as HTML
  Parameters: {"id"=>"3"}
  [1m[36mCat Load (0.4ms)[0m  [1m[34mSELECT  "cats".* FROM "cats" WHERE "cats"."id" = $1 LIMIT $2[0m  [["id", 3], ["LIMIT", 1]]
  ↳ app/controllers/cats_controller.rb:8
  Rendering cats/show.html.erb within layouts/application
  Rendered cats/show.html.erb within layouts/application (1.2ms)
Completed 200 OK in 18ms (Views: 16.1ms | ActiveRecord: 0.4ms)


  [1m[35m (0.8ms)[0m  [1m[34mSELECT "schema_migrations"."version" FROM "schema_migrations" ORDER BY "schema_migrations"."version" ASC[0m
  ↳ bin/rails:9
  [1m[35m (0.3ms)[0m  [1m[35mBEGIN[0m
  ↳ db/seeds.rb:8
  [1m[36mCat Create (0.8ms)[0m  [1m[32mINSERT INTO "cats" ("birth_date", "color", "name", "sex", "created_at", "updated_at") VALUES ($1, $2, $3, $4, $5, $6) RETURNING "id"[0m  [["birth_date", "2015-01-20"], ["color", "Orange"], ["name", "Fred"], ["sex", "M"], ["created_at", "2021-03-06 05:13:24.825748"], ["updated_at", "2021-03-06 05:13:24.825748"]]
  ↳ db/seeds.rb:8
  [1m[35m (0.5ms)[0m  [1m[35mCOMMIT[0m
  ↳ db/seeds.rb:8
  [1m[35m (0.2ms)[0m  [1m[35mBEGIN[0m
  ↳ db/seeds.rb:9
  [1m[36mCat Create (0.4ms)[0m  [1m[32mINSERT INTO "cats" ("birth_date", "color", "name", "sex", "created_at", "updated_at") VALUES ($1, $2, $3, $4, $5, $6) RETURNING "id"[0m  [["birth_date", "2015-01-20"], ["color", "Orange"], ["name", "Sally"], ["sex", "M"], ["created_at", "2021-03-06 05:13:24.828706"], ["updated_at", "2021-03-06 05:13:24.828706"]]
  ↳ db/seeds.rb:9
  [1m[35m (0.4ms)[0m  [1m[35mCOMMIT[0m
  ↳ db/seeds.rb:9
  [1m[35m (0.2ms)[0m  [1m[35mBEGIN[0m
  ↳ db/seeds.rb:10
  [1m[36mCat Create (0.3ms)[0m  [1m[32mINSERT INTO "cats" ("birth_date", "color", "name", "sex", "description", "created_at", "updated_at") VALUES ($1, $2, $3, $4, $5, $6, $7) RETURNING "id"[0m  [["birth_date", "2015-01-20"], ["color", "Orange"], ["name", "Tim"], ["sex", "M"], ["description", "I'm a cat"], ["created_at", "2021-03-06 05:13:24.830664"], ["updated_at", "2021-03-06 05:13:24.830664"]]
  ↳ db/seeds.rb:10
  [1m[35m (0.3ms)[0m  [1m[35mCOMMIT[0m
  ↳ db/seeds.rb:10
Started GET "/cats/3" for ::1 at 2021-03-05 21:14:23 -0800
  [1m[35m (0.9ms)[0m  [1m[34mSELECT "schema_migrations"."version" FROM "schema_migrations" ORDER BY "schema_migrations"."version" ASC[0m
  ↳ /home/skumtong/.rbenv/versions/2.5.1/lib/ruby/gems/2.5.0/gems/activerecord-5.2.4.5/lib/active_record/log_subscriber.rb:98
Processing by CatsController#show as HTML
  Parameters: {"id"=>"3"}
  [1m[36mCat Load (1.6ms)[0m  [1m[34mSELECT  "cats".* FROM "cats" WHERE "cats"."id" = $1 LIMIT $2[0m  [["id", 3], ["LIMIT", 1]]
  ↳ app/controllers/cats_controller.rb:8
  Rendering cats/show.html.erb within layouts/application
  Rendered cats/show.html.erb within layouts/application (6.6ms)
Completed 200 OK in 224ms (Views: 182.1ms | ActiveRecord: 8.4ms)


Started GET "/new" for ::1 at 2021-03-05 21:14:40 -0800
  
ActionController::RoutingError (No route matches [GET] "/new"):
  
actionpack (5.2.4.5) lib/action_dispatch/middleware/debug_exceptions.rb:65:in `call'
web-console (3.7.0) lib/web_console/middleware.rb:135:in `call_app'
web-console (3.7.0) lib/web_console/middleware.rb:30:in `block in call'
web-console (3.7.0) lib/web_console/middleware.rb:20:in `catch'
web-console (3.7.0) lib/web_console/middleware.rb:20:in `call'
actionpack (5.2.4.5) lib/action_dispatch/middleware/show_exceptions.rb:33:in `call'
railties (5.2.4.5) lib/rails/rack/logger.rb:38:in `call_app'
railties (5.2.4.5) lib/rails/rack/logger.rb:26:in `block in call'
activesupport (5.2.4.5) lib/active_support/tagged_logging.rb:71:in `block in tagged'
activesupport (5.2.4.5) lib/active_support/tagged_logging.rb:28:in `tagged'
activesupport (5.2.4.5) lib/active_support/tagged_logging.rb:71:in `tagged'
railties (5.2.4.5) lib/rails/rack/logger.rb:26:in `call'
sprockets-rails (3.2.2) lib/sprockets/rails/quiet_assets.rb:13:in `call'
actionpack (5.2.4.5) lib/action_dispatch/middleware/remote_ip.rb:81:in `call'
actionpack (5.2.4.5) lib/action_dispatch/middleware/request_id.rb:27:in `call'
rack (2.2.3) lib/rack/method_override.rb:24:in `call'
rack (2.2.3) lib/rack/runtime.rb:22:in `call'
activesupport (5.2.4.5) lib/active_support/cache/strategy/local_cache_middleware.rb:29:in `call'
actionpack (5.2.4.5) lib/action_dispatch/middleware/executor.rb:14:in `call'
actionpack (5.2.4.5) lib/action_dispatch/middleware/static.rb:127:in `call'
rack (2.2.3) lib/rack/sendfile.rb:110:in `call'
railties (5.2.4.5) lib/rails/engine.rb:524:in `call'
puma (3.12.6) lib/puma/configuration.rb:227:in `call'
puma (3.12.6) lib/puma/server.rb:706:in `handle_request'
puma (3.12.6) lib/puma/server.rb:476:in `process_client'
puma (3.12.6) lib/puma/server.rb:334:in `block in run'
puma (3.12.6) lib/puma/thread_pool.rb:135:in `block in spawn_thread'
Started GET "/cats/new" for ::1 at 2021-03-05 21:14:46 -0800
Processing by CatsController#new as HTML
  Rendering cats/new.html.erb within layouts/application
  Rendered cats/new.html.erb within layouts/application (0.9ms)
Completed 500 Internal Server Error in 7ms (ActiveRecord: 0.0ms)



SyntaxError - syntax error, unexpected keyword_do_block
...::CAT_COLORS.each do |color| do 
...                             ^~:
  app/views/cats/new.html.erb:18:in `'
  app/controllers/cats_controller.rb:14:in `new'

Started POST "/__better_errors/2a39f561b3defd49/variables" for ::1 at 2021-03-05 21:14:46 -0800
Started GET "/cats/new" for ::1 at 2021-03-05 21:15:21 -0800
Processing by CatsController#new as HTML
  Rendering cats/new.html.erb within layouts/application
  Rendered cats/new.html.erb within layouts/application (1.1ms)
Completed 500 Internal Server Error in 9ms (ActiveRecord: 0.0ms)



SyntaxError - syntax error, unexpected keyword_do_block
...::CAT_COLORS.each do |color| do 
...                             ^~:
  app/views/cats/new.html.erb:18:in `'
  app/controllers/cats_controller.rb:14:in `new'

Started POST "/__better_errors/83aff7b4673cf2f3/variables" for ::1 at 2021-03-05 21:15:21 -0800
Started GET "/cats/new" for ::1 at 2021-03-05 21:15:46 -0800
Processing by CatsController#new as HTML
  Rendering cats/new.html.erb within layouts/application
  Rendered cats/new.html.erb within layouts/application (1.4ms)
Completed 500 Internal Server Error in 11ms (ActiveRecord: 0.0ms)



SyntaxError - syntax error, unexpected keyword_do_block
...::CAT_COLORS.each do |color| do 
...                             ^~:
  app/views/cats/new.html.erb:18:in `'
  app/controllers/cats_controller.rb:14:in `new'

Started POST "/__better_errors/0787945504cb52e9/variables" for ::1 at 2021-03-05 21:15:46 -0800
Started GET "/cats/new" for ::1 at 2021-03-05 21:16:41 -0800
Processing by CatsController#new as HTML
  Rendering cats/new.html.erb within layouts/application
  Rendered cats/new.html.erb within layouts/application (1.4ms)
Completed 500 Internal Server Error in 13ms (ActiveRecord: 0.0ms)



SyntaxError - syntax error, unexpected keyword_do_block
...::CAT_COLORS.each do |color| do 
...                             ^~:
  app/views/cats/new.html.erb:18:in `'
  app/controllers/cats_controller.rb:14:in `new'

Started POST "/__better_errors/7fd9bfb91ca6da6c/variables" for ::1 at 2021-03-05 21:16:41 -0800
Started GET "/cats/new" for ::1 at 2021-03-05 21:16:44 -0800
Processing by CatsController#new as HTML
  Rendering cats/new.html.erb within layouts/application
  Rendered cats/new.html.erb within layouts/application (1.1ms)
Completed 500 Internal Server Error in 8ms (ActiveRecord: 0.0ms)



SyntaxError - syntax error, unexpected keyword_do_block
...::CAT_COLORS.each do |color| do 
...                             ^~:
  app/views/cats/new.html.erb:18:in `'
  app/controllers/cats_controller.rb:14:in `new'

Started POST "/__better_errors/09d2e87fe404c640/variables" for ::1 at 2021-03-05 21:16:44 -0800
Started GET "/cats/new" for ::1 at 2021-03-05 21:16:52 -0800
Processing by CatsController#new as HTML
  Rendering cats/new.html.erb within layouts/application
  Rendered cats/new.html.erb within layouts/application (0.6ms)
Completed 200 OK in 17ms (Views: 15.5ms | ActiveRecord: 0.0ms)


Started GET "/cats/new" for ::1 at 2021-03-05 21:19:09 -0800
Processing by CatsController#new as HTML
  Rendering cats/new.html.erb within layouts/application
  Rendered cats/new.html.erb within layouts/application (1.3ms)
Completed 200 OK in 24ms (Views: 23.0ms | ActiveRecord: 0.0ms)


Started POST "/cats/new" for ::1 at 2021-03-05 21:19:49 -0800
  
ActionController::RoutingError (No route matches [POST] "/cats/new"):
  
actionpack (5.2.4.5) lib/action_dispatch/middleware/debug_exceptions.rb:65:in `call'
web-console (3.7.0) lib/web_console/middleware.rb:135:in `call_app'
web-console (3.7.0) lib/web_console/middleware.rb:30:in `block in call'
web-console (3.7.0) lib/web_console/middleware.rb:20:in `catch'
web-console (3.7.0) lib/web_console/middleware.rb:20:in `call'
actionpack (5.2.4.5) lib/action_dispatch/middleware/show_exceptions.rb:33:in `call'
railties (5.2.4.5) lib/rails/rack/logger.rb:38:in `call_app'
railties (5.2.4.5) lib/rails/rack/logger.rb:26:in `block in call'
activesupport (5.2.4.5) lib/active_support/tagged_logging.rb:71:in `block in tagged'
activesupport (5.2.4.5) lib/active_support/tagged_logging.rb:28:in `tagged'
activesupport (5.2.4.5) lib/active_support/tagged_logging.rb:71:in `tagged'
railties (5.2.4.5) lib/rails/rack/logger.rb:26:in `call'
sprockets-rails (3.2.2) lib/sprockets/rails/quiet_assets.rb:13:in `call'
actionpack (5.2.4.5) lib/action_dispatch/middleware/remote_ip.rb:81:in `call'
actionpack (5.2.4.5) lib/action_dispatch/middleware/request_id.rb:27:in `call'
rack (2.2.3) lib/rack/method_override.rb:24:in `call'
rack (2.2.3) lib/rack/runtime.rb:22:in `call'
activesupport (5.2.4.5) lib/active_support/cache/strategy/local_cache_middleware.rb:29:in `call'
actionpack (5.2.4.5) lib/action_dispatch/middleware/executor.rb:14:in `call'
actionpack (5.2.4.5) lib/action_dispatch/middleware/static.rb:127:in `call'
rack (2.2.3) lib/rack/sendfile.rb:110:in `call'
railties (5.2.4.5) lib/rails/engine.rb:524:in `call'
puma (3.12.6) lib/puma/configuration.rb:227:in `call'
puma (3.12.6) lib/puma/server.rb:706:in `handle_request'
puma (3.12.6) lib/puma/server.rb:476:in `process_client'
puma (3.12.6) lib/puma/server.rb:334:in `block in run'
puma (3.12.6) lib/puma/thread_pool.rb:135:in `block in spawn_thread'
Started GET "/cats/1/edit" for ::1 at 2021-03-05 21:23:13 -0800
Processing by CatsController#edit as HTML
  Parameters: {"id"=>"1"}
  Rendering cats/edit.html.erb within layouts/application
  Rendered cats/edit.html.erb within layouts/application (5.2ms)
Completed 500 Internal Server Error in 12ms (ActiveRecord: 0.0ms)



NoMethodError - undefined method `name' for nil:NilClass:
  app/views/cats/edit.html.erb:6:in `_app_views_cats_edit_html_erb__3143932619107936904_69965895599300'
  app/controllers/cats_controller.rb:18:in `edit'

Started POST "/__better_errors/e0db944099bb0be1/variables" for ::1 at 2021-03-05 21:23:13 -0800
Started POST "/__better_errors/e0db944099bb0be1/variables" for ::1 at 2021-03-05 21:25:16 -0800
Started POST "/cats/new" for ::1 at 2021-03-05 21:26:07 -0800
  
ActionController::RoutingError (No route matches [POST] "/cats/new"):
  
actionpack (5.2.4.5) lib/action_dispatch/middleware/debug_exceptions.rb:65:in `call'
web-console (3.7.0) lib/web_console/middleware.rb:135:in `call_app'
web-console (3.7.0) lib/web_console/middleware.rb:30:in `block in call'
web-console (3.7.0) lib/web_console/middleware.rb:20:in `catch'
web-console (3.7.0) lib/web_console/middleware.rb:20:in `call'
actionpack (5.2.4.5) lib/action_dispatch/middleware/show_exceptions.rb:33:in `call'
railties (5.2.4.5) lib/rails/rack/logger.rb:38:in `call_app'
railties (5.2.4.5) lib/rails/rack/logger.rb:26:in `block in call'
activesupport (5.2.4.5) lib/active_support/tagged_logging.rb:71:in `block in tagged'
activesupport (5.2.4.5) lib/active_support/tagged_logging.rb:28:in `tagged'
activesupport (5.2.4.5) lib/active_support/tagged_logging.rb:71:in `tagged'
railties (5.2.4.5) lib/rails/rack/logger.rb:26:in `call'
sprockets-rails (3.2.2) lib/sprockets/rails/quiet_assets.rb:13:in `call'
actionpack (5.2.4.5) lib/action_dispatch/middleware/remote_ip.rb:81:in `call'
actionpack (5.2.4.5) lib/action_dispatch/middleware/request_id.rb:27:in `call'
rack (2.2.3) lib/rack/method_override.rb:24:in `call'
rack (2.2.3) lib/rack/runtime.rb:22:in `call'
activesupport (5.2.4.5) lib/active_support/cache/strategy/local_cache_middleware.rb:29:in `call'
actionpack (5.2.4.5) lib/action_dispatch/middleware/executor.rb:14:in `call'
actionpack (5.2.4.5) lib/action_dispatch/middleware/static.rb:127:in `call'
rack (2.2.3) lib/rack/sendfile.rb:110:in `call'
railties (5.2.4.5) lib/rails/engine.rb:524:in `call'
puma (3.12.6) lib/puma/configuration.rb:227:in `call'
puma (3.12.6) lib/puma/server.rb:706:in `handle_request'
puma (3.12.6) lib/puma/server.rb:476:in `process_client'
puma (3.12.6) lib/puma/server.rb:334:in `block in run'
puma (3.12.6) lib/puma/thread_pool.rb:135:in `block in spawn_thread'
Started POST "/__better_errors/e0db944099bb0be1/variables" for ::1 at 2021-03-05 21:26:14 -0800
Started GET "/cats/new" for ::1 at 2021-03-05 21:26:54 -0800
Processing by CatsController#new as HTML
  Rendering cats/new.html.erb within layouts/application
  Rendered cats/new.html.erb within layouts/application (0.5ms)
Completed 200 OK in 15ms (Views: 14.4ms | ActiveRecord: 0.0ms)


Started POST "/cats/new" for ::1 at 2021-03-05 21:27:04 -0800
  
ActionController::RoutingError (No route matches [POST] "/cats/new"):
  
actionpack (5.2.4.5) lib/action_dispatch/middleware/debug_exceptions.rb:65:in `call'
web-console (3.7.0) lib/web_console/middleware.rb:135:in `call_app'
web-console (3.7.0) lib/web_console/middleware.rb:30:in `block in call'
web-console (3.7.0) lib/web_console/middleware.rb:20:in `catch'
web-console (3.7.0) lib/web_console/middleware.rb:20:in `call'
actionpack (5.2.4.5) lib/action_dispatch/middleware/show_exceptions.rb:33:in `call'
railties (5.2.4.5) lib/rails/rack/logger.rb:38:in `call_app'
railties (5.2.4.5) lib/rails/rack/logger.rb:26:in `block in call'
activesupport (5.2.4.5) lib/active_support/tagged_logging.rb:71:in `block in tagged'
activesupport (5.2.4.5) lib/active_support/tagged_logging.rb:28:in `tagged'
activesupport (5.2.4.5) lib/active_support/tagged_logging.rb:71:in `tagged'
railties (5.2.4.5) lib/rails/rack/logger.rb:26:in `call'
sprockets-rails (3.2.2) lib/sprockets/rails/quiet_assets.rb:13:in `call'
actionpack (5.2.4.5) lib/action_dispatch/middleware/remote_ip.rb:81:in `call'
actionpack (5.2.4.5) lib/action_dispatch/middleware/request_id.rb:27:in `call'
rack (2.2.3) lib/rack/method_override.rb:24:in `call'
rack (2.2.3) lib/rack/runtime.rb:22:in `call'
activesupport (5.2.4.5) lib/active_support/cache/strategy/local_cache_middleware.rb:29:in `call'
actionpack (5.2.4.5) lib/action_dispatch/middleware/executor.rb:14:in `call'
actionpack (5.2.4.5) lib/action_dispatch/middleware/static.rb:127:in `call'
rack (2.2.3) lib/rack/sendfile.rb:110:in `call'
railties (5.2.4.5) lib/rails/engine.rb:524:in `call'
puma (3.12.6) lib/puma/configuration.rb:227:in `call'
puma (3.12.6) lib/puma/server.rb:706:in `handle_request'
puma (3.12.6) lib/puma/server.rb:476:in `process_client'
puma (3.12.6) lib/puma/server.rb:334:in `block in run'
puma (3.12.6) lib/puma/thread_pool.rb:135:in `block in spawn_thread'
Started POST "/cats/new" for ::1 at 2021-03-05 21:28:40 -0800
  
ActionController::RoutingError (No route matches [POST] "/cats/new"):
  
actionpack (5.2.4.5) lib/action_dispatch/middleware/debug_exceptions.rb:65:in `call'
web-console (3.7.0) lib/web_console/middleware.rb:135:in `call_app'
web-console (3.7.0) lib/web_console/middleware.rb:30:in `block in call'
web-console (3.7.0) lib/web_console/middleware.rb:20:in `catch'
web-console (3.7.0) lib/web_console/middleware.rb:20:in `call'
actionpack (5.2.4.5) lib/action_dispatch/middleware/show_exceptions.rb:33:in `call'
railties (5.2.4.5) lib/rails/rack/logger.rb:38:in `call_app'
railties (5.2.4.5) lib/rails/rack/logger.rb:26:in `block in call'
activesupport (5.2.4.5) lib/active_support/tagged_logging.rb:71:in `block in tagged'
activesupport (5.2.4.5) lib/active_support/tagged_logging.rb:28:in `tagged'
activesupport (5.2.4.5) lib/active_support/tagged_logging.rb:71:in `tagged'
railties (5.2.4.5) lib/rails/rack/logger.rb:26:in `call'
sprockets-rails (3.2.2) lib/sprockets/rails/quiet_assets.rb:13:in `call'
actionpack (5.2.4.5) lib/action_dispatch/middleware/remote_ip.rb:81:in `call'
actionpack (5.2.4.5) lib/action_dispatch/middleware/request_id.rb:27:in `call'
rack (2.2.3) lib/rack/method_override.rb:24:in `call'
rack (2.2.3) lib/rack/runtime.rb:22:in `call'
activesupport (5.2.4.5) lib/active_support/cache/strategy/local_cache_middleware.rb:29:in `call'
actionpack (5.2.4.5) lib/action_dispatch/middleware/executor.rb:14:in `call'
actionpack (5.2.4.5) lib/action_dispatch/middleware/static.rb:127:in `call'
rack (2.2.3) lib/rack/sendfile.rb:110:in `call'
railties (5.2.4.5) lib/rails/engine.rb:524:in `call'
puma (3.12.6) lib/puma/configuration.rb:227:in `call'
puma (3.12.6) lib/puma/server.rb:706:in `handle_request'
puma (3.12.6) lib/puma/server.rb:476:in `process_client'
puma (3.12.6) lib/puma/server.rb:334:in `block in run'
puma (3.12.6) lib/puma/thread_pool.rb:135:in `block in spawn_thread'
Started POST "/cats/new" for ::1 at 2021-03-05 21:29:13 -0800
  
ActionController::RoutingError (No route matches [POST] "/cats/new"):
  
actionpack (5.2.4.5) lib/action_dispatch/middleware/debug_exceptions.rb:65:in `call'
web-console (3.7.0) lib/web_console/middleware.rb:135:in `call_app'
web-console (3.7.0) lib/web_console/middleware.rb:30:in `block in call'
web-console (3.7.0) lib/web_console/middleware.rb:20:in `catch'
web-console (3.7.0) lib/web_console/middleware.rb:20:in `call'
actionpack (5.2.4.5) lib/action_dispatch/middleware/show_exceptions.rb:33:in `call'
railties (5.2.4.5) lib/rails/rack/logger.rb:38:in `call_app'
railties (5.2.4.5) lib/rails/rack/logger.rb:26:in `block in call'
activesupport (5.2.4.5) lib/active_support/tagged_logging.rb:71:in `block in tagged'
activesupport (5.2.4.5) lib/active_support/tagged_logging.rb:28:in `tagged'
activesupport (5.2.4.5) lib/active_support/tagged_logging.rb:71:in `tagged'
railties (5.2.4.5) lib/rails/rack/logger.rb:26:in `call'
sprockets-rails (3.2.2) lib/sprockets/rails/quiet_assets.rb:13:in `call'
actionpack (5.2.4.5) lib/action_dispatch/middleware/remote_ip.rb:81:in `call'
actionpack (5.2.4.5) lib/action_dispatch/middleware/request_id.rb:27:in `call'
rack (2.2.3) lib/rack/method_override.rb:24:in `call'
rack (2.2.3) lib/rack/runtime.rb:22:in `call'
activesupport (5.2.4.5) lib/active_support/cache/strategy/local_cache_middleware.rb:29:in `call'
actionpack (5.2.4.5) lib/action_dispatch/middleware/executor.rb:14:in `call'
actionpack (5.2.4.5) lib/action_dispatch/middleware/static.rb:127:in `call'
rack (2.2.3) lib/rack/sendfile.rb:110:in `call'
railties (5.2.4.5) lib/rails/engine.rb:524:in `call'
puma (3.12.6) lib/puma/configuration.rb:227:in `call'
puma (3.12.6) lib/puma/server.rb:706:in `handle_request'
puma (3.12.6) lib/puma/server.rb:476:in `process_client'
puma (3.12.6) lib/puma/server.rb:334:in `block in run'
puma (3.12.6) lib/puma/thread_pool.rb:135:in `block in spawn_thread'
Started POST "/cats/new" for ::1 at 2021-03-05 21:29:18 -0800
  
ActionController::RoutingError (No route matches [POST] "/cats/new"):
  
actionpack (5.2.4.5) lib/action_dispatch/middleware/debug_exceptions.rb:65:in `call'
web-console (3.7.0) lib/web_console/middleware.rb:135:in `call_app'
web-console (3.7.0) lib/web_console/middleware.rb:30:in `block in call'
web-console (3.7.0) lib/web_console/middleware.rb:20:in `catch'
web-console (3.7.0) lib/web_console/middleware.rb:20:in `call'
actionpack (5.2.4.5) lib/action_dispatch/middleware/show_exceptions.rb:33:in `call'
railties (5.2.4.5) lib/rails/rack/logger.rb:38:in `call_app'
railties (5.2.4.5) lib/rails/rack/logger.rb:26:in `block in call'
activesupport (5.2.4.5) lib/active_support/tagged_logging.rb:71:in `block in tagged'
activesupport (5.2.4.5) lib/active_support/tagged_logging.rb:28:in `tagged'
activesupport (5.2.4.5) lib/active_support/tagged_logging.rb:71:in `tagged'
railties (5.2.4.5) lib/rails/rack/logger.rb:26:in `call'
sprockets-rails (3.2.2) lib/sprockets/rails/quiet_assets.rb:13:in `call'
actionpack (5.2.4.5) lib/action_dispatch/middleware/remote_ip.rb:81:in `call'
actionpack (5.2.4.5) lib/action_dispatch/middleware/request_id.rb:27:in `call'
rack (2.2.3) lib/rack/method_override.rb:24:in `call'
rack (2.2.3) lib/rack/runtime.rb:22:in `call'
activesupport (5.2.4.5) lib/active_support/cache/strategy/local_cache_middleware.rb:29:in `call'
actionpack (5.2.4.5) lib/action_dispatch/middleware/executor.rb:14:in `call'
actionpack (5.2.4.5) lib/action_dispatch/middleware/static.rb:127:in `call'
rack (2.2.3) lib/rack/sendfile.rb:110:in `call'
railties (5.2.4.5) lib/rails/engine.rb:524:in `call'
puma (3.12.6) lib/puma/configuration.rb:227:in `call'
puma (3.12.6) lib/puma/server.rb:706:in `handle_request'
puma (3.12.6) lib/puma/server.rb:476:in `process_client'
puma (3.12.6) lib/puma/server.rb:334:in `block in run'
puma (3.12.6) lib/puma/thread_pool.rb:135:in `block in spawn_thread'
Started POST "/cats/new" for ::1 at 2021-03-05 21:30:22 -0800
  
ActionController::RoutingError (No route matches [POST] "/cats/new"):
  
actionpack (5.2.4.5) lib/action_dispatch/middleware/debug_exceptions.rb:65:in `call'
web-console (3.7.0) lib/web_console/middleware.rb:135:in `call_app'
web-console (3.7.0) lib/web_console/middleware.rb:30:in `block in call'
web-console (3.7.0) lib/web_console/middleware.rb:20:in `catch'
web-console (3.7.0) lib/web_console/middleware.rb:20:in `call'
actionpack (5.2.4.5) lib/action_dispatch/middleware/show_exceptions.rb:33:in `call'
railties (5.2.4.5) lib/rails/rack/logger.rb:38:in `call_app'
railties (5.2.4.5) lib/rails/rack/logger.rb:26:in `block in call'
activesupport (5.2.4.5) lib/active_support/tagged_logging.rb:71:in `block in tagged'
activesupport (5.2.4.5) lib/active_support/tagged_logging.rb:28:in `tagged'
activesupport (5.2.4.5) lib/active_support/tagged_logging.rb:71:in `tagged'
railties (5.2.4.5) lib/rails/rack/logger.rb:26:in `call'
sprockets-rails (3.2.2) lib/sprockets/rails/quiet_assets.rb:13:in `call'
actionpack (5.2.4.5) lib/action_dispatch/middleware/remote_ip.rb:81:in `call'
actionpack (5.2.4.5) lib/action_dispatch/middleware/request_id.rb:27:in `call'
rack (2.2.3) lib/rack/method_override.rb:24:in `call'
rack (2.2.3) lib/rack/runtime.rb:22:in `call'
activesupport (5.2.4.5) lib/active_support/cache/strategy/local_cache_middleware.rb:29:in `call'
actionpack (5.2.4.5) lib/action_dispatch/middleware/executor.rb:14:in `call'
actionpack (5.2.4.5) lib/action_dispatch/middleware/static.rb:127:in `call'
rack (2.2.3) lib/rack/sendfile.rb:110:in `call'
railties (5.2.4.5) lib/rails/engine.rb:524:in `call'
puma (3.12.6) lib/puma/configuration.rb:227:in `call'
puma (3.12.6) lib/puma/server.rb:706:in `handle_request'
puma (3.12.6) lib/puma/server.rb:476:in `process_client'
puma (3.12.6) lib/puma/server.rb:334:in `block in run'
puma (3.12.6) lib/puma/thread_pool.rb:135:in `block in spawn_thread'
Started POST "/cats/new" for ::1 at 2021-03-05 21:30:29 -0800
  
ActionController::RoutingError (No route matches [POST] "/cats/new"):
  
actionpack (5.2.4.5) lib/action_dispatch/middleware/debug_exceptions.rb:65:in `call'
web-console (3.7.0) lib/web_console/middleware.rb:135:in `call_app'
web-console (3.7.0) lib/web_console/middleware.rb:30:in `block in call'
web-console (3.7.0) lib/web_console/middleware.rb:20:in `catch'
web-console (3.7.0) lib/web_console/middleware.rb:20:in `call'
actionpack (5.2.4.5) lib/action_dispatch/middleware/show_exceptions.rb:33:in `call'
railties (5.2.4.5) lib/rails/rack/logger.rb:38:in `call_app'
railties (5.2.4.5) lib/rails/rack/logger.rb:26:in `block in call'
activesupport (5.2.4.5) lib/active_support/tagged_logging.rb:71:in `block in tagged'
activesupport (5.2.4.5) lib/active_support/tagged_logging.rb:28:in `tagged'
activesupport (5.2.4.5) lib/active_support/tagged_logging.rb:71:in `tagged'
railties (5.2.4.5) lib/rails/rack/logger.rb:26:in `call'
sprockets-rails (3.2.2) lib/sprockets/rails/quiet_assets.rb:13:in `call'
actionpack (5.2.4.5) lib/action_dispatch/middleware/remote_ip.rb:81:in `call'
actionpack (5.2.4.5) lib/action_dispatch/middleware/request_id.rb:27:in `call'
rack (2.2.3) lib/rack/method_override.rb:24:in `call'
rack (2.2.3) lib/rack/runtime.rb:22:in `call'
activesupport (5.2.4.5) lib/active_support/cache/strategy/local_cache_middleware.rb:29:in `call'
actionpack (5.2.4.5) lib/action_dispatch/middleware/executor.rb:14:in `call'
actionpack (5.2.4.5) lib/action_dispatch/middleware/static.rb:127:in `call'
rack (2.2.3) lib/rack/sendfile.rb:110:in `call'
railties (5.2.4.5) lib/rails/engine.rb:524:in `call'
puma (3.12.6) lib/puma/configuration.rb:227:in `call'
puma (3.12.6) lib/puma/server.rb:706:in `handle_request'
puma (3.12.6) lib/puma/server.rb:476:in `process_client'
puma (3.12.6) lib/puma/server.rb:334:in `block in run'
puma (3.12.6) lib/puma/thread_pool.rb:135:in `block in spawn_thread'
Started GET "/cats/1/edit" for ::1 at 2021-03-05 21:31:16 -0800
Processing by CatsController#edit as HTML
  Parameters: {"id"=>"1"}
  Rendering cats/edit.html.erb within layouts/application
  Rendered cats/edit.html.erb within layouts/application (5.3ms)
Completed 500 Internal Server Error in 14ms (ActiveRecord: 0.0ms)



NoMethodError - undefined method `id' for nil:NilClass:
  app/views/cats/edit.html.erb:3:in `_app_views_cats_edit_html_erb__3143932619107936904_69965977313240'
  app/controllers/cats_controller.rb:18:in `edit'

Started POST "/__better_errors/cffb4d975737f4f8/variables" for ::1 at 2021-03-05 21:31:17 -0800
Started GET "/cats" for ::1 at 2021-03-05 21:32:47 -0800
Processing by CatsController#index as HTML
  Rendering cats/index.html.erb within layouts/application
  [1m[36mCat Load (1.9ms)[0m  [1m[34mSELECT "cats".* FROM "cats"[0m
  ↳ app/views/cats/index.html.erb:4
  Rendered cats/index.html.erb within layouts/application (4.1ms)
Completed 200 OK in 17ms (Views: 14.5ms | ActiveRecord: 1.9ms)


Started GET "/cats/9" for ::1 at 2021-03-05 21:32:53 -0800
Processing by CatsController#show as HTML
  Parameters: {"id"=>"9"}
  [1m[36mCat Load (0.5ms)[0m  [1m[34mSELECT  "cats".* FROM "cats" WHERE "cats"."id" = $1 LIMIT $2[0m  [["id", 9], ["LIMIT", 1]]
  ↳ app/controllers/cats_controller.rb:8
  Rendering cats/show.html.erb within layouts/application
  Rendered cats/show.html.erb within layouts/application (0.9ms)
Completed 200 OK in 16ms (Views: 14.4ms | ActiveRecord: 0.5ms)


Started GET "/cats/4" for ::1 at 2021-03-05 21:32:56 -0800
Processing by CatsController#show as HTML
  Parameters: {"id"=>"4"}
  [1m[36mCat Load (0.5ms)[0m  [1m[34mSELECT  "cats".* FROM "cats" WHERE "cats"."id" = $1 LIMIT $2[0m  [["id", 4], ["LIMIT", 1]]
  ↳ app/controllers/cats_controller.rb:8
  Rendering cats/show.html.erb within layouts/application
  Rendered cats/show.html.erb within layouts/application (1.3ms)
Completed 200 OK in 20ms (Views: 18.5ms | ActiveRecord: 0.5ms)


Started GET "/cats/2" for ::1 at 2021-03-05 21:33:10 -0800
Processing by CatsController#show as HTML
  Parameters: {"id"=>"2"}
  [1m[36mCat Load (0.5ms)[0m  [1m[34mSELECT  "cats".* FROM "cats" WHERE "cats"."id" = $1 LIMIT $2[0m  [["id", 2], ["LIMIT", 1]]
  ↳ app/controllers/cats_controller.rb:8
  Rendering cats/show.html.erb within layouts/application
  Rendered cats/show.html.erb within layouts/application (0.9ms)
Completed 200 OK in 17ms (Views: 15.2ms | ActiveRecord: 0.5ms)


Started GET "/cats/6" for ::1 at 2021-03-05 21:33:14 -0800
Processing by CatsController#show as HTML
  Parameters: {"id"=>"6"}
  [1m[36mCat Load (0.5ms)[0m  [1m[34mSELECT  "cats".* FROM "cats" WHERE "cats"."id" = $1 LIMIT $2[0m  [["id", 6], ["LIMIT", 1]]
  ↳ app/controllers/cats_controller.rb:8
  Rendering cats/show.html.erb within layouts/application
  Rendered cats/show.html.erb within layouts/application (1.1ms)
Completed 200 OK in 20ms (Views: 18.4ms | ActiveRecord: 0.5ms)


Started GET "/cats/new" for ::1 at 2021-03-05 21:33:40 -0800
Processing by CatsController#new as HTML
  Rendering cats/new.html.erb within layouts/application
  Rendered cats/new.html.erb within layouts/application (0.5ms)
Completed 200 OK in 16ms (Views: 15.2ms | ActiveRecord: 0.0ms)


Started POST "/cats/new" for ::1 at 2021-03-05 21:33:50 -0800
  
ActionController::RoutingError (No route matches [POST] "/cats/new"):
  
actionpack (5.2.4.5) lib/action_dispatch/middleware/debug_exceptions.rb:65:in `call'
web-console (3.7.0) lib/web_console/middleware.rb:135:in `call_app'
web-console (3.7.0) lib/web_console/middleware.rb:30:in `block in call'
web-console (3.7.0) lib/web_console/middleware.rb:20:in `catch'
web-console (3.7.0) lib/web_console/middleware.rb:20:in `call'
actionpack (5.2.4.5) lib/action_dispatch/middleware/show_exceptions.rb:33:in `call'
railties (5.2.4.5) lib/rails/rack/logger.rb:38:in `call_app'
railties (5.2.4.5) lib/rails/rack/logger.rb:26:in `block in call'
activesupport (5.2.4.5) lib/active_support/tagged_logging.rb:71:in `block in tagged'
activesupport (5.2.4.5) lib/active_support/tagged_logging.rb:28:in `tagged'
activesupport (5.2.4.5) lib/active_support/tagged_logging.rb:71:in `tagged'
railties (5.2.4.5) lib/rails/rack/logger.rb:26:in `call'
sprockets-rails (3.2.2) lib/sprockets/rails/quiet_assets.rb:13:in `call'
actionpack (5.2.4.5) lib/action_dispatch/middleware/remote_ip.rb:81:in `call'
actionpack (5.2.4.5) lib/action_dispatch/middleware/request_id.rb:27:in `call'
rack (2.2.3) lib/rack/method_override.rb:24:in `call'
rack (2.2.3) lib/rack/runtime.rb:22:in `call'
activesupport (5.2.4.5) lib/active_support/cache/strategy/local_cache_middleware.rb:29:in `call'
actionpack (5.2.4.5) lib/action_dispatch/middleware/executor.rb:14:in `call'
actionpack (5.2.4.5) lib/action_dispatch/middleware/static.rb:127:in `call'
rack (2.2.3) lib/rack/sendfile.rb:110:in `call'
railties (5.2.4.5) lib/rails/engine.rb:524:in `call'
puma (3.12.6) lib/puma/configuration.rb:227:in `call'
puma (3.12.6) lib/puma/server.rb:706:in `handle_request'
puma (3.12.6) lib/puma/server.rb:476:in `process_client'
puma (3.12.6) lib/puma/server.rb:334:in `block in run'
puma (3.12.6) lib/puma/thread_pool.rb:135:in `block in spawn_thread'
Started POST "/cats/new" for ::1 at 2021-03-05 21:34:46 -0800
  
ActionController::RoutingError (No route matches [POST] "/cats/new"):
  
actionpack (5.2.4.5) lib/action_dispatch/middleware/debug_exceptions.rb:65:in `call'
web-console (3.7.0) lib/web_console/middleware.rb:135:in `call_app'
web-console (3.7.0) lib/web_console/middleware.rb:30:in `block in call'
web-console (3.7.0) lib/web_console/middleware.rb:20:in `catch'
web-console (3.7.0) lib/web_console/middleware.rb:20:in `call'
actionpack (5.2.4.5) lib/action_dispatch/middleware/show_exceptions.rb:33:in `call'
railties (5.2.4.5) lib/rails/rack/logger.rb:38:in `call_app'
railties (5.2.4.5) lib/rails/rack/logger.rb:26:in `block in call'
activesupport (5.2.4.5) lib/active_support/tagged_logging.rb:71:in `block in tagged'
activesupport (5.2.4.5) lib/active_support/tagged_logging.rb:28:in `tagged'
activesupport (5.2.4.5) lib/active_support/tagged_logging.rb:71:in `tagged'
railties (5.2.4.5) lib/rails/rack/logger.rb:26:in `call'
sprockets-rails (3.2.2) lib/sprockets/rails/quiet_assets.rb:13:in `call'
actionpack (5.2.4.5) lib/action_dispatch/middleware/remote_ip.rb:81:in `call'
actionpack (5.2.4.5) lib/action_dispatch/middleware/request_id.rb:27:in `call'
rack (2.2.3) lib/rack/method_override.rb:24:in `call'
rack (2.2.3) lib/rack/runtime.rb:22:in `call'
activesupport (5.2.4.5) lib/active_support/cache/strategy/local_cache_middleware.rb:29:in `call'
actionpack (5.2.4.5) lib/action_dispatch/middleware/executor.rb:14:in `call'
actionpack (5.2.4.5) lib/action_dispatch/middleware/static.rb:127:in `call'
rack (2.2.3) lib/rack/sendfile.rb:110:in `call'
railties (5.2.4.5) lib/rails/engine.rb:524:in `call'
puma (3.12.6) lib/puma/configuration.rb:227:in `call'
puma (3.12.6) lib/puma/server.rb:706:in `handle_request'
puma (3.12.6) lib/puma/server.rb:476:in `process_client'
puma (3.12.6) lib/puma/server.rb:334:in `block in run'
puma (3.12.6) lib/puma/thread_pool.rb:135:in `block in spawn_thread'
Started POST "/cats/new" for ::1 at 2021-03-05 21:36:22 -0800
  
ActionController::RoutingError (No route matches [POST] "/cats/new"):
  
actionpack (5.2.4.5) lib/action_dispatch/middleware/debug_exceptions.rb:65:in `call'
web-console (3.7.0) lib/web_console/middleware.rb:135:in `call_app'
web-console (3.7.0) lib/web_console/middleware.rb:30:in `block in call'
web-console (3.7.0) lib/web_console/middleware.rb:20:in `catch'
web-console (3.7.0) lib/web_console/middleware.rb:20:in `call'
actionpack (5.2.4.5) lib/action_dispatch/middleware/show_exceptions.rb:33:in `call'
railties (5.2.4.5) lib/rails/rack/logger.rb:38:in `call_app'
railties (5.2.4.5) lib/rails/rack/logger.rb:26:in `block in call'
activesupport (5.2.4.5) lib/active_support/tagged_logging.rb:71:in `block in tagged'
activesupport (5.2.4.5) lib/active_support/tagged_logging.rb:28:in `tagged'
activesupport (5.2.4.5) lib/active_support/tagged_logging.rb:71:in `tagged'
railties (5.2.4.5) lib/rails/rack/logger.rb:26:in `call'
sprockets-rails (3.2.2) lib/sprockets/rails/quiet_assets.rb:13:in `call'
actionpack (5.2.4.5) lib/action_dispatch/middleware/remote_ip.rb:81:in `call'
actionpack (5.2.4.5) lib/action_dispatch/middleware/request_id.rb:27:in `call'
rack (2.2.3) lib/rack/method_override.rb:24:in `call'
rack (2.2.3) lib/rack/runtime.rb:22:in `call'
activesupport (5.2.4.5) lib/active_support/cache/strategy/local_cache_middleware.rb:29:in `call'
actionpack (5.2.4.5) lib/action_dispatch/middleware/executor.rb:14:in `call'
actionpack (5.2.4.5) lib/action_dispatch/middleware/static.rb:127:in `call'
rack (2.2.3) lib/rack/sendfile.rb:110:in `call'
railties (5.2.4.5) lib/rails/engine.rb:524:in `call'
puma (3.12.6) lib/puma/configuration.rb:227:in `call'
puma (3.12.6) lib/puma/server.rb:706:in `handle_request'
puma (3.12.6) lib/puma/server.rb:476:in `process_client'
puma (3.12.6) lib/puma/server.rb:334:in `block in run'
puma (3.12.6) lib/puma/thread_pool.rb:135:in `block in spawn_thread'
Started POST "/cats/new" for ::1 at 2021-03-05 21:36:55 -0800
  
ActionController::RoutingError (No route matches [POST] "/cats/new"):
  
actionpack (5.2.4.5) lib/action_dispatch/middleware/debug_exceptions.rb:65:in `call'
web-console (3.7.0) lib/web_console/middleware.rb:135:in `call_app'
web-console (3.7.0) lib/web_console/middleware.rb:30:in `block in call'
web-console (3.7.0) lib/web_console/middleware.rb:20:in `catch'
web-console (3.7.0) lib/web_console/middleware.rb:20:in `call'
actionpack (5.2.4.5) lib/action_dispatch/middleware/show_exceptions.rb:33:in `call'
railties (5.2.4.5) lib/rails/rack/logger.rb:38:in `call_app'
railties (5.2.4.5) lib/rails/rack/logger.rb:26:in `block in call'
activesupport (5.2.4.5) lib/active_support/tagged_logging.rb:71:in `block in tagged'
activesupport (5.2.4.5) lib/active_support/tagged_logging.rb:28:in `tagged'
activesupport (5.2.4.5) lib/active_support/tagged_logging.rb:71:in `tagged'
railties (5.2.4.5) lib/rails/rack/logger.rb:26:in `call'
sprockets-rails (3.2.2) lib/sprockets/rails/quiet_assets.rb:13:in `call'
actionpack (5.2.4.5) lib/action_dispatch/middleware/remote_ip.rb:81:in `call'
actionpack (5.2.4.5) lib/action_dispatch/middleware/request_id.rb:27:in `call'
rack (2.2.3) lib/rack/method_override.rb:24:in `call'
rack (2.2.3) lib/rack/runtime.rb:22:in `call'
activesupport (5.2.4.5) lib/active_support/cache/strategy/local_cache_middleware.rb:29:in `call'
actionpack (5.2.4.5) lib/action_dispatch/middleware/executor.rb:14:in `call'
actionpack (5.2.4.5) lib/action_dispatch/middleware/static.rb:127:in `call'
rack (2.2.3) lib/rack/sendfile.rb:110:in `call'
railties (5.2.4.5) lib/rails/engine.rb:524:in `call'
puma (3.12.6) lib/puma/configuration.rb:227:in `call'
puma (3.12.6) lib/puma/server.rb:706:in `handle_request'
puma (3.12.6) lib/puma/server.rb:476:in `process_client'
puma (3.12.6) lib/puma/server.rb:334:in `block in run'
puma (3.12.6) lib/puma/thread_pool.rb:135:in `block in spawn_thread'
Started GET "/cats/new" for ::1 at 2021-03-05 21:39:24 -0800
Processing by CatsController#new as HTML
  Rendering cats/new.html.erb within layouts/application
  Rendered cats/new.html.erb within layouts/application (0.6ms)
Completed 200 OK in 12ms (Views: 11.5ms | ActiveRecord: 0.0ms)


Started GET "/cats" for ::1 at 2021-03-05 21:39:26 -0800
Processing by CatsController#index as HTML
  Rendering cats/index.html.erb within layouts/application
  [1m[36mCat Load (0.5ms)[0m  [1m[34mSELECT "cats".* FROM "cats"[0m
  ↳ app/views/cats/index.html.erb:4
  Rendered cats/index.html.erb within layouts/application (2.4ms)
Completed 200 OK in 19ms (Views: 17.6ms | ActiveRecord: 0.5ms)


Started GET "/cats/7" for ::1 at 2021-03-05 21:39:27 -0800
Processing by CatsController#show as HTML
  Parameters: {"id"=>"7"}
  [1m[36mCat Load (0.6ms)[0m  [1m[34mSELECT  "cats".* FROM "cats" WHERE "cats"."id" = $1 LIMIT $2[0m  [["id", 7], ["LIMIT", 1]]
  ↳ app/controllers/cats_controller.rb:8
  Rendering cats/show.html.erb within layouts/application
  Rendered cats/show.html.erb within layouts/application (2.4ms)
Completed 200 OK in 19ms (Views: 16.9ms | ActiveRecord: 0.6ms)


